<?xml version="1.0" encoding="UTF-8"?>
<coverage generated="1721810502639" clover="3.2.0">
  <project timestamp="1721810502639" name="All files">
    <metrics statements="18" coveredstatements="18" conditionals="8" coveredconditionals="7" methods="8" coveredmethods="8" elements="34" coveredelements="33" complexity="0" loc="18" ncloc="18" packages="1" files="5" classes="5"/>
    <file name="app.js" path="/Users/hackwrench/ajs/Legend_1/src/js/app.js">
      <metrics statements="8" coveredstatements="8" conditionals="8" coveredconditionals="7" methods="1" coveredmethods="1"/>
      <line num="4" count="1" type="stmt"/>
      <line num="6" count="1" type="stmt"/>
      <line num="9" count="6" type="cond" truecount="2" falsecount="0"/>
      <line num="10" count="2" type="stmt"/>
      <line num="11" count="4" type="cond" truecount="4" falsecount="0"/>
      <line num="12" count="2" type="stmt"/>
      <line num="13" count="2" type="cond" truecount="1" falsecount="1"/>
      <line num="14" count="2" type="stmt"/>
    </file>
    <file name="basic.js" path="/Users/hackwrench/ajs/Legend_1/src/js/basic.js">
      <metrics statements="4" coveredstatements="4" conditionals="0" coveredconditionals="0" methods="1" coveredmethods="1"/>
      <line num="2" count="2" type="stmt"/>
      <line num="3" count="2" type="stmt"/>
      <line num="4" count="5" type="stmt"/>
      <line num="6" count="2" type="stmt"/>
    </file>
    <file name="http.js" path="/Users/hackwrench/ajs/Legend_1/src/js/http.js">
      <metrics statements="2" coveredstatements="2" conditionals="0" coveredconditionals="0" methods="2" coveredmethods="2"/>
      <line num="2" count="1" type="stmt"/>
      <line num="6" count="1" type="stmt"/>
    </file>
    <file name="sortHeroes.js" path="/Users/hackwrench/ajs/Legend_1/src/js/sortHeroes.js">
      <metrics statements="1" coveredstatements="1" conditionals="0" coveredconditionals="0" methods="2" coveredmethods="2"/>
      <line num="2" count="8" type="stmt"/>
    </file>
    <file name="user.js" path="/Users/hackwrench/ajs/Legend_1/src/js/user.js">
      <metrics statements="3" coveredstatements="3" conditionals="0" coveredconditionals="0" methods="2" coveredmethods="2"/>
      <line num="4" count="1" type="stmt"/>
      <line num="5" count="1" type="stmt"/>
      <line num="10" count="1" type="stmt"/>
    </file>
  </project>
</coverage>
