TN:
SF:src/js/app.js
FN:8,calcHealth
FNF:1
FNH:1
FNDA:6,calcHealth
DA:4,1
DA:6,1
DA:9,6
DA:10,2
DA:11,4
DA:12,2
DA:13,2
DA:14,2
LF:8
LH:8
BRDA:9,0,0,2
BRDA:9,0,1,4
BRDA:11,1,0,2
BRDA:11,1,1,2
BRDA:11,2,0,4
BRDA:11,2,1,4
BRDA:13,3,0,2
BRDA:13,3,1,0
BRF:8
BRH:7
end_of_record
TN:
SF:src/js/basic.js
FN:1,sum
FNF:1
FNH:1
FNDA:2,sum
DA:2,2
DA:3,2
DA:4,5
DA:6,2
LF:4
LH:4
BRF:0
BRH:0
end_of_record
TN:
SF:src/js/http.js
FN:1,httpGet
FN:5,httpPost
FNF:2
FNH:2
FNDA:1,httpGet
FNDA:1,httpPost
DA:2,1
DA:6,1
LF:2
LH:2
BRF:0
BRH:0
end_of_record
TN:
SF:src/js/sortHeroes.js
FN:1,sortHeroes
FN:2,(anonymous_1)
FNF:2
FNH:2
FNDA:2,sortHeroes
FNDA:8,(anonymous_1)
DA:2,8
LF:1
LH:1
BRF:0
BRH:0
end_of_record
TN:
SF:src/js/user.js
FN:3,loadUser
FN:9,saveUser
FNF:2
FNH:2
FNDA:1,loadUser
FNDA:1,saveUser
DA:4,1
DA:5,1
DA:10,1
LF:3
LH:3
BRF:0
BRH:0
end_of_record
